[2023-01-23 12:57:20] ► [Winston 연습 어플리케이션] ▷ [info] : [서버가 시작되었습니다.]
[2023-01-23 12:57:59] ► [ Winston 연습 어플리케이션] ▷ [info] : [서버가 시작되었습니다.]
[2023-01-23 12:58:06] ► [ Winston 연습 어플리케이션 ] ▷ [info] : [서버가 시작되었습니다.]
[2023-01-23 12:58:11 ] ► [ Winston 연습 어플리케이션 ] ▷ [info] : [서버가 시작되었습니다.]
[ 2023-01-23 12:58:13 ] ► [ Winston 연습 어플리케이션 ] ▷ [info] : [서버가 시작되었습니다.]
[ 2023-01-23 12:58:24 ] ► [ Winston 연습 어플리케이션 ] ▷ [info] : [서버가 시작되었습니다.]
[ 2023-01-23 12:58:26 ] ► [ Winston 연습 어플리케이션 ] ▷ [info] : [서버가 시작되었습니다.]
[  2023-01-23 12:58:28 ] ► [ Winston 연습 어플리케이션 ] ▷ [info] : [서버가 시작되었습니다.]
[  2023-01-23 12:58:30  ] ► [ Winston 연습 어플리케이션 ] ▷ [info] : [서버가 시작되었습니다.]
[  2023-01-23 12:58:33  ] ► [  Winston 연습 어플리케이션 ] ▷ [info] : [서버가 시작되었습니다.]
[  2023-01-23 12:58:34  ] ► [  Winston 연습 어플리케이션  ] ▷ [info] : [서버가 시작되었습니다.]
[  2023-01-23 12:58:35  ] ► [  Winston 연습 어플리케이션  ] ▷ [ info] : [서버가 시작되었습니다.]
[  2023-01-23 12:58:37  ] ► [  Winston 연습 어플리케이션  ] ▷ [ info ] : [서버가 시작되었습니다.]
[  2023-01-23 12:58:38  ] ► [  Winston 연습 어플리케이션  ] ▷ [ info ] : [ 서버가 시작되었습니다.]
[  2023-01-23 12:58:40  ] ► [  Winston 연습 어플리케이션  ] ▷ [ info ] : [ 서버가 시작되었습니다. ]
[  2023-01-23 12:59:18  ] ► [  Winston 연습 어플리케이션  ] ▷ [ info ] : [ 서버가 시작되었습니다. ]
[  2023-01-23 12:59:20  ] ► [  Winston 연습 어플리케이션  ] ▷ [ info ] : [ 서버가 시작되었습니다. ]
[  2023-01-23 12:59:35  ] ► [  Winston 연습 어플리케이션  ] ▷ [ info ] : [ 서버가 시작되었습니다. ]
[  2023-01-23 12:59:44  ] ► [  Winston 연습 어플리케이션  ] ▷ [ info ] : [ 서버가 시작되었습니다. ]
[  2023-01-23 12:59:47  ] ► [  Winston 연습 어플리케이션  ] ▷ [ info ] : [ 서버가 시작되었습니다. ]
[ 2023-01-23 12:59:52 ] ► [ Winston 연습 어플리케이션 ] ▷ [info] : [서버가 시작되었습니다.]
[ 2023-01-23 13:00:34 ] ► [ Winston 연습 어플리케이션 ] ▷ [warn] : [서버가 시작되었습니다.]
[ 2023-01-23 13:00:44 ] ► [ Winston 연습 어플리케이션 ] ▷ [error] : [서버가 시작되었습니다.]
[ 2023-01-23 13:00:52 ] ► [ Winston 연습 어플리케이션 ] ▷ [info] : [서버가 시작되었습니다.]
[ 2023-01-23 13:01:05 ] ► [ Winston 연습 어플리케이션 ] ▷ [info] : [서버가 시작되었습니다.]
 2023-01-23 13:02:59  ►  Winston 연습 어플리케이션  ▷ info : 서버가 시작되었습니다.]
 2023-01-23 13:03:01  ►  Winston 연습 어플리케이션  ▷ info : 서버가 시작되었습니다.
[ 2023-01-23 13:04:44 ] ► [ Winston 연습 어플리케이션 ] ▷ [info] : [서버가 시작되었습니다.]
[ 2023-01-23 13:06:25 ] ► [ Winston 연습 어플리케이션 ] ▷ [info] : [서버가 시작되었습니다.]
[ 2023-01-23 13:06:48 ] ► [ Winston 연습 어플리케이션 ] ▷ [info]:[서버가 시작되었습니다.]
[ 2023-01-23 13:06:54 ] ► [ Winston 연습 어플리케이션 ] ▷ [[서버가 시작되었습니다.]
info]:[ 2023-01-23 13:06:57 ] ► [ Winston 연습 어플리케이션 ] ▷ [[서버가 시작되었습니다.]
[info]:[ 2023-01-23 13:07:00 ] ► [ Winston 연습 어플리케이션 ] ▷ [[서버가 시작되었습니다.]
[info]:[ 2023-01-23 13:07:06 ] ► [ Winston 연습 어플리케이션 ] ▷ [서버가 시작되었습니다.]
[info]:[ 2023-01-23 13:07:07 ] ► [ Winston 연습 어플리케이션 ] ▷ [서버가 시작되었습니다.]
[info]:[ 2023-01-23 13:07:34 ] ► [  Winston 연습 어플리케이션  ] ▷ [ 서버가 시작되었습니다.]
[info]:[ 2023-01-23 13:07:36 ] ► [  Winston 연습 어플리케이션  ] ▷ [ 서버가 시작되었습니다. ]
[info]:[ 2023-01-23 13:07:46 ] ► [  Winston 연습 어플리케이션 ] ▷ [ 서버가 시작되었습니다. ]
[info]:[ 2023-01-23 13:07:47 ] ► [  Winston 연습 어플리케이션 ] ▷ [서버가 시작되었습니다. ]
[info]:[ 2023-01-23 13:07:49 ] ► [  Winston 연습 어플리케이션 ] ▷ [서버가 시작되었습니다.]
[info]:[ 2023-01-23 13:07:51 ] ► [ Winston 연습 어플리케이션 ] ▷ [서버가 시작되었습니다.]
[info]:[ 2023-01-23 13:09:26 ] ► [ Winston 연습 어플리케이션 ] ▷ [서버가 시작되었습니다.]
[info]:[ 2023-01-23 13:10:46 ] ► [ Winston 연습 어플리케이션 ] ▷ [서버가 시작되었습니다.]
[info]:[ 2023-01-23 13:11:40 ] ► [ Winston 연습 어플리케이션 ] ▷ [서버가 시작되었습니다.]
[info]:[ 2023-01-23 13:12:07 ] ► [ Winston 연습 어플리케이션 ] ▷ [서버가 시작되었습니다.]
[info]:[ 2023-01-23 13:12:18 ] ► [ Winston 연습 어플리케이션 ] ▷ [서버가 시작되었습니다.]
[info]:[ 2023-01-23 13:12:22 ] ► [ Winston 연습 어플리케이션 ] ▷ [서버가 시작되었습니다.]
[info]:[ 2023-01-23 13:12:28 ] ► [ Winston 연습 어플리케이션 ] ▷ [서버가 시작되었습니다.]
[info]:[ 2023-01-23 13:12:29 ] ► [ Winston 연습 어플리케이션 ] ▷ [서버가 시작되었습니다.]
[info]:[ 2023-01-23 13:12:30 ] ► [ Winston 연습 어플리케이션 ] ▷ [서버가 시작되었습니다.]
[info]:[ 2023-01-23 13:12:48 ] ► [ Winston 연습 어플리케이션 ] ▷ [서버가 시작되었습니다.]
[info]:[ 2023-01-23 13:13:09 ] ► [ Winston 연습 어플리케이션 ] ▷ [서버가 시작되었습니다.]
[info]:[ 2023-01-23 13:13:10 ] ► [ Winston 연습 어플리케이션 ] ▷ [서버가 시작되었습니다.]
[info]:[ 2023-01-23 13:13:16 ] ► [ Winston 연습 어플리케이션 ] ▷ [서버가 시작되었습니다.]
[info]:[ 2023-01-23 13:13:20 ] ► [ Winston 연습 어플리케이션 ] ▷ [서버가 시작되었습니다.]
[info]:[ 2023-01-23 13:13:25 ] ► [ Winston 연습 어플리케이션 ] ▷ [서버가 시작되었습니다.]
[info]:[ 2023-01-23 13:13:26 ] ► [ Winston 연습 어플리케이션 ] ▷ [서버가 시작되었습니다.]
[info]:[ 2023-01-23 13:13:43 ] ► [ Winston 연습 어플리케이션 ] ▷ [서버가 시작되었습니다.]
[info]:[ 2023-01-23 13:13:45 ] ► [ Winston 연습 어플리케이션 ] ▷ [서버가 시작되었습니다.]
[info]:[ 2023-01-23 13:13:59 ] ► [] ▷ [서버가 시작되었습니다.]
[info]:[ 2023-01-23 13:14:04 ] ► [function createFormatWrap(opts) {
    return new Format(opts);
  }] ▷ [서버가 시작되었습니다.]
[info]:[ 2023-01-23 13:14:08 ] ► [] ▷ [서버가 시작되었습니다.]
[info]:[ 2023-01-23 13:14:30 ] ► [] ▷ [서버가 시작되었습니다.]
[info]:[ 2023-01-23 13:14:42 ] ► [] ▷ [서버가 시작되었습니다.]
[info]:[ 2023-01-23 13:14:44 ] ► [] ▷ [서버가 시작되었습니다.]
[info]:[ 2023-01-23 13:23:23 ] ► [] ▷ [서버가 시작되었습니다.]
[info]:[ 2023-01-23 13:23:36 ] ► [] ▷ [서버가 시작되었습니다.]
[info]:[ 2023-01-23 13:26:47 ] ► [] ▷ [서버가 시작되었습니다.]
[info]:[ 2023-01-23 13:27:13 ] ► [] ▷ [서버가 시작되었습니다.]
[info]:[ 2023-01-23 13:27:19 ] ► [] ▷ [서버가 시작되었습니다.]
[info]:[ 2023-01-23 13:28:44 ] ► [] ▷ [서버가 시작되었습니다.]
[info]:[ 2023-01-23 13:29:09 ] ► [] ▷ [서버가 시작되었습니다.]
[info]:[ 2023-01-23 13:29:30 ] ► [] ▷ [서버가 시작되었습니다.]
[info]:[ 2023-01-23 13:29:37 ] ► [] ▷ [서버가 시작되었습니다.]
[info]:[ 2023-01-23 13:29:49 ] ► [] ▷ [서버가 시작되었습니다.]
[info]:[ 2023-01-23 13:29:51 ] ► [] ▷ [서버가 시작되었습니다.]
[info]:[ 2023-01-23 13:29:56 ] ► [] ▷ [서버가 시작되었습니다.]
[info]:[ 2023-01-23 13:30:06 ] ► [] ▷ [서버가 시작되었습니다.]
[info]:[ 2023-01-23 13:30:08 ] ► [] ▷ [서버가 시작되었습니다.]
[info]:[ 2023-01-23 13:30:18 ] ► [] ▷ [서버가 시작되었습니다.]
[info]:[ 2023-01-23 13:30:25 ] ► [] ▷ [서버가 시작되었습니다.]
[info]:[ 2023-01-23 13:30:34 ] ► [] ▷ [서버가 시작되었습니다.]
[info]:[ 2023-01-23 13:31:01 ] ► [] ▷ [서버가 시작되었습니다.]
[info]:[ 2023-01-23 13:31:09 ] ► [] ▷ [서버가 시작되었습니다.]
[info]:[ 2023-01-23 13:31:12 ] ► [] ▷ [서버가 시작되었습니다.]
[info]:[ 2023-01-23 13:31:41 ] ► [] ▷ [서버가 시작되었습니다.]
[info]:[ 2023-01-23 13:31:47 ] ► [hi] ▷ [서버가 시작되었습니다.]
[info]:[ 2023-01-23 13:31:54 ] ► [${}] ▷ [서버가 시작되었습니다.]
[info]:[ 2023-01-23 13:31:58 ] ► [}] ▷ [서버가 시작되었습니다.]
[info]:[ 2023-01-23 13:32:02 ] ► [${lable}] ▷ [서버가 시작되었습니다.]
[info]:[ 2023-01-23 13:32:05 ] ► [{}] ▷ [서버가 시작되었습니다.]
[info]:[ 2023-01-23 13:32:10 ] ► [] ▷ [서버가 시작되었습니다.]
[info]:[ 2023-01-23 13:33:30 ] ► [] ▷ [서버가 시작되었습니다.]
[info]:[ 2023-01-23 13:33:40 ] ► [] ▷ [서버가 시작되었습니다.]
[info]:[ 2023-01-23 13:33:46 ] ► [] ▷ [서버가 시작되었습니다.]
[info]:[ 2023-01-23 13:33:59 ] ► [] ▷ [서버가 시작되었습니다.]
[info]:[ 2023-01-23 13:34:05 ] ► [] ▷ [서버가 시작되었습니다.]
[info]:[ 2023-01-23 13:34:11 ] ► [] ▷ [서버가 시작되었습니다.]
[info]:[ 2023-01-23 13:34:18 ] ► [] ▷ [서버가 시작되었습니다.]
[info]:[ 2023-01-23 13:34:42 ] ► [kkk] ▷ [서버가 시작되었습니다.]
[info]:[ 2023-01-23 13:34:53 ] ► [] ▷ [서버가 시작되었습니다.]
[info]:[ 2023-01-23 13:35:05 ] ► [] ▷ [서버가 시작되었습니다.]
[info]:[ 2023-01-23 13:35:07 ] ► [] ▷ [서버가 시작되었습니다.]
[info]:[ 2023-01-23 13:35:09 ] ► [] ▷ [서버가 시작되었습니다.]
[info]:[ 2023-01-23 13:35:13 ] ► [] ▷ [서버가 시작되었습니다.]
[info]:[ 2023-01-23 13:35:25 ] ► [function insert_label(label) {
    console.log(labels);
    return labels = label;
}] ▷ [서버가 시작되었습니다.]
[info]:[ 2023-01-23 13:35:27 ] ► [undefined] ▷ [서버가 시작되었습니다.]
[info]:[ 2023-01-23 13:35:30 ] ► [function insert_label(label) {
    console.log(labels);
    return labels = label;
}] ▷ [서버가 시작되었습니다.]
[info]:[ 2023-01-23 13:35:49 ] ► [] ▷ [서버가 시작되었습니다.]
[info]:[ 2023-01-23 13:35:50 ] ► [] ▷ [서버가 시작되었습니다.]
[info]:[ 2023-01-23 13:35:55 ] ► [] ▷ [서버가 시작되었습니다.]
[info]:[ 2023-01-23 13:40:06 ] ► [] ▷ [서버가 시작되었습니다.]
[info]:[ 2023-01-23 13:40:14 ] ► [] ▷ [서버가 시작되었습니다.]
[info]:[ 2023-01-23 13:40:17 ] ► [] ▷ [서버가 시작되었습니다.]
[info]:[ 2023-01-23 13:40:30 ] ► [] ▷ [서버가 시작되었습니다.]
[info]:[ 2023-01-23 13:43:13 ] ► [] ▷ [서버가 시작되었습니다.]
[info]:[ 2023-01-23 13:43:20 ] ► [중고] ▷ [서버가 시작되었습니다.]
[info]:[ 2023-01-23 13:43:28 ] ► [중고전공책] ▷ [서버가 시작되었습니다.]
[info]:[ 2023-01-23 13:43:30 ] ► [중고전공책] ▷ [서버가 시작되었습니다.]
[info]:[ 2023-01-23 13:43:38 ] ► [중고전공책 거래 프로젝트] ▷ [서버가 시작되었습니다.]
[info]:[ 2023-01-23 13:43:41 ] ► [중고 전공책 거래 프로젝트] ▷ [서버가 시작되었습니다.]
[info]:[ 2023-01-23 13:43:52 ] ► [중고책 거래 프로젝트] ▷ [서버가 시작되었습니다.]
[info]:[ 2023-01-23 13:43:54 ] ► [중고책 프로젝트] ▷ [서버가 시작되었습니다.]
[info]:[ 2023-01-23 13:44:06 ] ► [중고책 거래 사이트] ▷ [서버가 시작되었습니다.]
[info]:[ 2023-01-23 13:44:31 ] ► [중고책 거래 사이트] ▷ [서버가 시작되었습니다.]
[info]:[ 2023-01-23 13:44:56 ] ► [중고책 거래 사이트] ▷ [http://localhost:3000/v2/home/0]
[info]:[ 2023-01-23 13:45:06 ] ► [중고책 거래 사이트] ▷ [http://localhost:3000/v2/home/0 의 서버가 시작되었습니다.]
[info]:[ 2023-01-23 13:45:09 ] ► [중고책 거래 사이트] ▷ [http://localhost:3000/v2/home/0 주소로 서버가 시작되었습니다.]
[info]:[ 2023-01-23 13:45:42 ] ► [중고책 거래 사이트] ▷ [http://localhost:3000/v2/home/0 주소로 서버가 시작되었습니다.]
[info]:[ 2023-01-23 13:45:43 ] ► [중고책 거래 사이트] ▷ [http://localhost:3000/v2/home/0 주소로 서버가 시작되었습니다.]
[info]:[ 2023-01-23 13:45:54 ] ► [중고책 거래 사이트] ▷ [http://localhost:3000/v2/home/0 주소로 서버가 시작되었습니다.]
[info]:[ 2023-01-23 13:59:01 ] ► [중고책 거래 사이트] ▷ [http://localhost:3000/v2/home/0 주소로 서버가 시작되었습니다.]
[info]:[ 2023-01-23 13:59:03 ] ► [중고책 거래 사이트] ▷ [http://localhost:3000/v2/home/0 주소로 서버가 시작되었습니다.]
[info]:[ 2023-01-23 13:59:06 ] ► [중고책 거래 사이트] ▷ [http://localhost:3000/v2/home/0 주소로 서버가 시작되었습니다.]
[info]:[ 2023-01-23 13:59:14 ] ► [중고책 거래 사이트] ▷ [http://localhost:3000/v2/home/0 주소로 서버가 시작되었습니다.]
[info]:[ 2023-01-23 13:59:17 ] ► [중고책 거래 사이트] ▷ [http://localhost:3000/v2/home/0 주소로 서버가 시작되었습니다.]
[info]:[ 2023-01-23 13:59:24 ] ► [중고책 거래 사이트] ▷ [http://localhost:3000/v2/home/0 주소로 서버가 시작되었습니다.]
[info]:[ 2023-01-23 13:59:26 ] ► [중고책 거래 사이트] ▷ [http://localhost:3000/v2/home/0 주소로 서버가 시작되었습니다.]
[info]:[ 2023-01-23 13:59:31 ] ► [중고책 거래 사이트] ▷ [http://localhost:3000/v2/home/0 주소로 서버가 시작되었습니다.]
[info]:[ 2023-01-23 14:01:43 ] ► [중고책 거래 사이트] ▷ [http://localhost:3000/v2/home/0 주소로 서버가 시작되었습니다.]
